#
# There is insufficient memory for the Java Runtime Environment to continue.
# Native memory allocation (malloc) failed to allocate 161296 bytes for Chunk::new
# Possible reasons:
#   The system is out of physical RAM or swap space
#   In 32 bit mode, the process size limit was hit
# Possible solutions:
#   Reduce memory load on the system
#   Increase physical memory or swap space
#   Check if swap backing store is full
#   Use 64 bit Java on a 64 bit OS
#   Decrease Java heap size (-Xmx/-Xms)
#   Decrease number of Java threads
#   Decrease Java thread stack sizes (-Xss)
#   Set larger code cache with -XX:ReservedCodeCacheSize=
# This output file may be truncated or incomplete.
#
#  Out of Memory Error (allocation.cpp:390), pid=2984, tid=0x0000000000001e40
#
# JRE version: Java(TM) SE Runtime Environment (8.0_181-b13) (build 1.8.0_181-b13)
# Java VM: Java HotSpot(TM) 64-Bit Server VM (25.181-b13 mixed mode windows-amd64 compressed oops)
# Failed to write core dump. Minidumps are not enabled by default on client versions of Windows
#

---------------  T H R E A D  ---------------

Current thread (0x0000000017d13000):  JavaThread "C2 CompilerThread0" daemon [_thread_in_native, id=7744, stack(0x0000000019350000,0x0000000019450000)]

Stack: [0x0000000019350000,0x0000000019450000]
[error occurred during error reporting (printing stack bounds), id 0xc0000005]

Native frames: (J=compiled Java code, j=interpreted, Vv=VM code, C=native code)


Current CompileTask:
C2:   2046 1164   !   4       java.util.jar.Attributes::read (380 bytes)


---------------  P R O C E S S  ---------------

Java Threads: ( => current thread )
  0x000000001a066800 JavaThread "Image Fetcher 0" daemon [_thread_blocked, id=9524, stack(0x000000001b300000,0x000000001b400000)]
  0x00000000032a4800 JavaThread "DestroyJavaVM" [_thread_blocked, id=8852, stack(0x00000000030c0000,0x00000000031c0000)]
  0x0000000019fde000 JavaThread "AWT-EventQueue-0" [_thread_blocked, id=11904, stack(0x000000001b000000,0x000000001b100000)]
  0x0000000019f72800 JavaThread "AWT-Windows" daemon [_thread_in_native, id=11912, stack(0x000000001aa30000,0x000000001ab30000)]
  0x0000000019f70000 JavaThread "AWT-Shutdown" [_thread_blocked, id=11928, stack(0x000000001a930000,0x000000001aa30000)]
  0x0000000019fd1000 JavaThread "Java2D Disposer" daemon [_thread_blocked, id=11828, stack(0x000000001a830000,0x000000001a930000)]
  0x0000000017d6e000 JavaThread "Service Thread" daemon [_thread_blocked, id=11952, stack(0x0000000019a50000,0x0000000019b50000)]
  0x0000000017d18000 JavaThread "C1 CompilerThread2" daemon [_thread_blocked, id=11944, stack(0x0000000019550000,0x0000000019650000)]
  0x0000000017d15000 JavaThread "C2 CompilerThread1" daemon [_thread_blocked, id=7992, stack(0x0000000019450000,0x0000000019550000)]
=>0x0000000017d13000 JavaThread "C2 CompilerThread0" daemon [_thread_in_native, id=7744, stack(0x0000000019350000,0x0000000019450000)]
  0x0000000017d10000 JavaThread "Attach Listener" daemon [_thread_blocked, id=8048, stack(0x0000000019250000,0x0000000019350000)]
  0x0000000017d0e800 JavaThread "Signal Dispatcher" daemon [_thread_blocked, id=10084, stack(0x0000000019150000,0x0000000019250000)]
  0x000000000339e000 JavaThread "Finalizer" daemon [_thread_blocked, id=8576, stack(0x0000000018f60000,0x0000000019060000)]
  0x0000000003395000 JavaThread "Reference Handler" daemon [_thread_blocked, id=9520, stack(0x0000000018e60000,0x0000000018f60000)]

Other Threads:
  0x0000000017cd7800 VMThread [stack: 0x0000000018d60000,0x0000000018e60000] [id=3984]
  0x00000000196a7800 WatcherThread [stack: 0x0000000019b50000,0x0000000019c50000] [id=11936]

VM state:at safepoint (normal execution)

VM Mutex/Monitor currently owned by a thread:  ([mutex/lock_event])
[0x00000000032a1350] Threads_lock - owner thread: 0x0000000017cd7800
[0x00000000032a1650] Heap_lock - owner thread: 0x0000000019fde000

Heap:
 PSYoungGen      total 36864K, used 31744K [0x00000000d6e00000, 0x00000000d9700000, 0x0000000100000000)
  eden space 31744K, 100% used [0x00000000d6e00000,0x00000000d8d00000,0x00000000d8d00000)
  from space 5120K, 0% used [0x00000000d9200000,0x00000000d9200000,0x00000000d9700000)
  to   space 5120K, 8% used [0x00000000d8d00000,0x00000000d8d68000,0x00000000d9200000)
 ParOldGen       total 84992K, used 0K [0x0000000084a00000, 0x0000000089d00000, 0x00000000d6e00000)
  object space 84992K, 0% used [0x0000000084a00000,0x0000000084a00000,0x0000000089d00000)
 Metaspace       used 16801K, capacity 17114K, committed 17280K, reserved 1067008K
  class space    used 2070K, capacity 2175K, committed 2176K, reserved 1048576K

Card table byte_map: [0x0000000012760000,0x0000000012b40000] byte_map_base: 0x000000001233b000

Marking Bits: (ParMarkBitMap*) 0x0000000058c82d00
 Begin Bits: [0x00000000131e0000, 0x00000000150b8000)
 End Bits:   [0x00000000150b8000, 0x0000000016f90000)

Polling page: 0x0000000003080000

CodeCache: size=245760Kb used=4204Kb max_used=4204Kb free=241555Kb
 bounds [0x00000000033a0000, 0x00000000037c0000, 0x00000000123a0000]
 total_blobs=1823 nmethods=1281 adapters=455
 compilation: enabled

Compilation events (10 events):
Event: 1.977 Thread 0x0000000017d18000 1261       3       sun.security.jca.Providers::getThreadProviderList (18 bytes)
Event: 1.977 Thread 0x0000000017d18000 nmethod 1261 0x00000000037b2290 code [0x00000000037b2400, 0x00000000037b2728]
Event: 1.977 Thread 0x0000000017d18000 1262       3       java.util.regex.Pattern::isSupplementary (20 bytes)
Event: 1.977 Thread 0x0000000017d18000 nmethod 1262 0x00000000037b1d90 code [0x00000000037b1f00, 0x00000000037b21d0]
Event: 1.977 Thread 0x0000000017d18000 1263       3       java.util.regex.Pattern::next (33 bytes)
Event: 1.977 Thread 0x0000000017d18000 nmethod 1263 0x00000000037b1810 code [0x00000000037b1980, 0x00000000037b1c48]
Event: 1.979 Thread 0x0000000017d18000 1264       3       java.math.BigInteger::<init> (82 bytes)
Event: 1.979 Thread 0x0000000017d18000 nmethod 1264 0x00000000037b0b10 code [0x00000000037b0d00, 0x00000000037b1498]
Event: 1.979 Thread 0x0000000017d18000 1265       3       sun.security.provider.SHA::implDigest (96 bytes)
Event: 1.979 Thread 0x0000000017d18000 nmethod 1265 0x00000000037b03d0 code [0x00000000037b0580, 0x00000000037b09a8]

GC Heap History (0 events):
No events

Deoptimization events (10 events):
Event: 1.017 Thread 0x0000000019fde000 Uncommon trap: reason=class_check action=maybe_recompile pc=0x00000000035e4080 method=javax.swing.plaf.nimbus.DerivedColor$UIResource.equals(Ljava/lang/Object;)Z @ 1
Event: 1.017 Thread 0x0000000019fde000 Uncommon trap: reason=class_check action=maybe_recompile pc=0x00000000035e4080 method=javax.swing.plaf.nimbus.DerivedColor$UIResource.equals(Ljava/lang/Object;)Z @ 1
Event: 1.142 Thread 0x0000000019fde000 Uncommon trap: reason=unstable_if action=reinterpret pc=0x00000000035c1cf0 method=java.lang.String.indexOf([CII[CIII)I @ 3
Event: 1.472 Thread 0x0000000019fde000 Uncommon trap: reason=class_check action=maybe_recompile pc=0x00000000036704e8 method=java.util.HashMap.putVal(ILjava/lang/Object;Ljava/lang/Object;ZZ)Ljava/lang/Object; @ 253
Event: 1.472 Thread 0x0000000019fde000 Uncommon trap: reason=class_check action=maybe_recompile pc=0x00000000036704e8 method=java.util.HashMap.putVal(ILjava/lang/Object;Ljava/lang/Object;ZZ)Ljava/lang/Object; @ 253
Event: 1.472 Thread 0x0000000019fde000 Uncommon trap: reason=class_check action=maybe_recompile pc=0x00000000036704e8 method=java.util.HashMap.putVal(ILjava/lang/Object;Ljava/lang/Object;ZZ)Ljava/lang/Object; @ 253
Event: 1.472 Thread 0x0000000019fde000 Uncommon trap: reason=class_check action=maybe_recompile pc=0x00000000036704e8 method=java.util.HashMap.putVal(ILjava/lang/Object;Ljava/lang/Object;ZZ)Ljava/lang/Object; @ 253
Event: 1.703 Thread 0x0000000019fde000 Uncommon trap: reason=class_check action=maybe_recompile pc=0x00000000036ce7dc method=java.util.regex.Pattern$BmpCharProperty.match(Ljava/util/regex/Matcher;ILjava/lang/CharSequence;)Z @ 31
Event: 1.703 Thread 0x0000000019fde000 Uncommon trap: reason=unstable_if action=reinterpret pc=0x00000000036ce778 method=java.util.regex.Pattern$BmpCharProperty.match(Ljava/util/regex/Matcher;ILjava/lang/CharSequence;)Z @ 5
Event: 1.706 Thread 0x0000000019fde000 Uncommon trap: reason=unstable_if action=reinterpret pc=0x00000000036662d4 method=java.math.BigInteger.addOne([IIII)I @ 55

Classes redefined (0 events):
No events

Internal exceptions (10 events):
Event: 0.715 Thread 0x00000000032a4800 Exception <a 'java/lang/ClassNotFoundException': ToolBar> (0x00000000d734e758) thrown at [C:\re\workspace\8-2-build-windows-amd64-cygwin\jdk8u181\11358\hotspot\src\share\vm\classfile\systemDictionary.cpp, line 210]
Event: 0.715 Thread 0x00000000032a4800 Exception <a 'java/lang/ClassNotFoundException': ToggleButton> (0x00000000d734ed08) thrown at [C:\re\workspace\8-2-build-windows-amd64-cygwin\jdk8u181\11358\hotspot\src\share\vm\classfile\systemDictionary.cpp, line 210]
Event: 0.715 Thread 0x00000000032a4800 Exception <a 'java/lang/ClassNotFoundException': javax/swing/JToolBarSeparator> (0x00000000d734f168) thrown at [C:\re\workspace\8-2-build-windows-amd64-cygwin\jdk8u181\11358\hotspot\src\share\vm\classfile\systemDictionary.cpp, line 210]
Event: 0.715 Thread 0x00000000032a4800 Exception <a 'java/lang/ClassNotFoundException': ToolBarSeparator> (0x00000000d734f600) thrown at [C:\re\workspace\8-2-build-windows-amd64-cygwin\jdk8u181\11358\hotspot\src\share\vm\classfile\systemDictionary.cpp, line 210]
Event: 0.715 Thread 0x00000000032a4800 Exception <a 'java/lang/ClassNotFoundException': ToolTip> (0x00000000d734fd40) thrown at [C:\re\workspace\8-2-build-windows-amd64-cygwin\jdk8u181\11358\hotspot\src\share\vm\classfile\systemDictionary.cpp, line 210]
Event: 0.716 Thread 0x00000000032a4800 Exception <a 'java/lang/ClassNotFoundException': Tree> (0x00000000d7350960) thrown at [C:\re\workspace\8-2-build-windows-amd64-cygwin\jdk8u181\11358\hotspot\src\share\vm\classfile\systemDictionary.cpp, line 210]
Event: 0.716 Thread 0x00000000032a4800 Exception <a 'java/lang/ClassNotFoundException': Tree> (0x00000000d73510a0) thrown at [C:\re\workspace\8-2-build-windows-amd64-cygwin\jdk8u181\11358\hotspot\src\share\vm\classfile\systemDictionary.cpp, line 210]
Event: 0.716 Thread 0x00000000032a4800 Exception <a 'java/lang/ClassNotFoundException': javax/swing/JTreeCell> (0x00000000d7351420) thrown at [C:\re\workspace\8-2-build-windows-amd64-cygwin\jdk8u181\11358\hotspot\src\share\vm\classfile\systemDictionary.cpp, line 210]
Event: 0.716 Thread 0x00000000032a4800 Exception <a 'java/lang/ClassNotFoundException': TreeCell> (0x00000000d73518a8) thrown at [C:\re\workspace\8-2-build-windows-amd64-cygwin\jdk8u181\11358\hotspot\src\share\vm\classfile\systemDictionary.cpp, line 210]
Event: 0.716 Thread 0x00000000032a4800 Exception <a 'java/lang/ClassNotFoundException': RootPane> (0x00000000d7352260) thrown at [C:\re\workspace\8-2-build-windows-amd64-cygwin\jdk8u181\11358\hotspot\src\share\vm\classfile\systemDictionary.cpp, line 210]

Events (10 events):
Event: 1.978 loading class javax/crypto/ShortBufferException
Event: 1.978 loading class javax/crypto/ShortBufferException done
Event: 1.978 loading class javax/crypto/NoSuchPaddingException
Event: 1.978 loading class javax/crypto/NoSuchPaddingException done
Event: 1.978 loading class java/security/Signature$CipherAdapter
Event: 1.978 loading class java/security/Signature$CipherAdapter done
Event: 1.979 loading class javax/crypto/NullCipher
Event: 1.979 loading class javax/crypto/NullCipher done
Event: 1.979 loading class sun/security/ssl/ECDHCrypt
Event: 1.979 loading class sun/security/ssl/ECDHCrypt done


Dynamic libraries:
0x00007ff6c2b00000 - 0x00007ff6c2b37000 	C:\Program Files\Java\jdk1.8.0_181\bin\java.exe
0x00007ffa94150000 - 0x00007ffa9432b000 	C:\Windows\SYSTEM32\ntdll.dll
0x00007ffa919e0000 - 0x00007ffa91a8e000 	C:\Windows\System32\KERNEL32.DLL
0x00007ffa909e0000 - 0x00007ffa90c2a000 	C:\Windows\System32\KERNELBASE.dll
0x00007ffa91c60000 - 0x00007ffa91d01000 	C:\Windows\System32\ADVAPI32.dll
0x00007ffa91ba0000 - 0x00007ffa91c3d000 	C:\Windows\System32\msvcrt.dll
0x00007ffa91b40000 - 0x00007ffa91b99000 	C:\Windows\System32\sechost.dll
0x00007ffa92140000 - 0x00007ffa92265000 	C:\Windows\System32\RPCRT4.dll
0x00007ffa91fe0000 - 0x00007ffa9212a000 	C:\Windows\System32\USER32.dll
0x00007ffa91690000 - 0x00007ffa916ae000 	C:\Windows\System32\win32u.dll
0x00007ffa919b0000 - 0x00007ffa919d7000 	C:\Windows\System32\GDI32.dll
0x00007ffa90c30000 - 0x00007ffa90db8000 	C:\Windows\System32\gdi32full.dll
0x00007ffa907f0000 - 0x00007ffa9088a000 	C:\Windows\System32\msvcp_win.dll
0x00007ffa908e0000 - 0x00007ffa909d6000 	C:\Windows\System32\ucrtbase.dll
0x00007ffa89b00000 - 0x00007ffa89d67000 	C:\Windows\WinSxS\amd64_microsoft.windows.common-controls_6595b64144ccf1df_6.0.15063.1155_none_40c7922129a7722b\COMCTL32.dll
0x00007ffa916b0000 - 0x00007ffa919a9000 	C:\Windows\System32\combase.dll
0x00007ffa90670000 - 0x00007ffa906da000 	C:\Windows\System32\bcryptPrimitives.dll
0x00007ffa91d10000 - 0x00007ffa91d3d000 	C:\Windows\System32\IMM32.DLL
0x000000005e1b0000 - 0x000000005e282000 	C:\Program Files\Java\jdk1.8.0_181\jre\bin\msvcr100.dll
0x0000000058460000 - 0x0000000058d02000 	C:\Program Files\Java\jdk1.8.0_181\jre\bin\server\jvm.dll
0x00007ffa93fa0000 - 0x00007ffa93fa8000 	C:\Windows\System32\PSAPI.DLL
0x00007ffa813f0000 - 0x00007ffa813f9000 	C:\Windows\SYSTEM32\WSOCK32.dll
0x00007ffa91eb0000 - 0x00007ffa91f1c000 	C:\Windows\System32\WS2_32.dll
0x00007ffa82d90000 - 0x00007ffa82d9a000 	C:\Windows\SYSTEM32\VERSION.dll
0x00007ffa8d470000 - 0x00007ffa8d493000 	C:\Windows\SYSTEM32\WINMM.dll
0x00007ffa8d410000 - 0x00007ffa8d43b000 	C:\Windows\SYSTEM32\WINMMBASE.dll
0x00007ffa90890000 - 0x00007ffa908d9000 	C:\Windows\System32\cfgmgr32.dll
0x000000005e160000 - 0x000000005e16f000 	C:\Program Files\Java\jdk1.8.0_181\jre\bin\verify.dll
0x000000005e130000 - 0x000000005e159000 	C:\Program Files\Java\jdk1.8.0_181\jre\bin\java.dll
0x000000005e110000 - 0x000000005e126000 	C:\Program Files\Java\jdk1.8.0_181\jre\bin\zip.dll
0x00007ffa92330000 - 0x00007ffa93768000 	C:\Windows\System32\SHELL32.dll
0x00007ffa91a90000 - 0x00007ffa91b3a000 	C:\Windows\System32\shcore.dll
0x00007ffa90dc0000 - 0x00007ffa914b1000 	C:\Windows\System32\windows.storage.dll
0x00007ffa922d0000 - 0x00007ffa92321000 	C:\Windows\System32\shlwapi.dll
0x00007ffa905c0000 - 0x00007ffa905d1000 	C:\Windows\System32\kernel.appcore.dll
0x00007ffa90620000 - 0x00007ffa9066c000 	C:\Windows\System32\powrprof.dll
0x00007ffa905e0000 - 0x00007ffa905f5000 	C:\Windows\System32\profapi.dll
0x00000000582c0000 - 0x0000000058459000 	C:\Program Files\Java\jdk1.8.0_181\jre\bin\awt.dll
0x00007ffa91f20000 - 0x00007ffa91fe0000 	C:\Windows\System32\OLEAUT32.dll
0x00007ffa8ec80000 - 0x00007ffa8ecfe000 	C:\Windows\SYSTEM32\apphelp.dll
0x00007ffa8eec0000 - 0x00007ffa8ef55000 	C:\Windows\system32\uxtheme.dll
0x00007ffa91d40000 - 0x00007ffa91ea6000 	C:\Windows\System32\MSCTF.dll
0x00007ffa8ce80000 - 0x00007ffa8ceaa000 	C:\Windows\system32\dwmapi.dll
0x00007ffa93d70000 - 0x00007ffa93eb5000 	C:\Windows\System32\ole32.dll
0x000000005e080000 - 0x000000005e0c7000 	C:\Program Files\Java\jdk1.8.0_181\jre\bin\fontmanager.dll
0x00007ffa89740000 - 0x00007ffa89861000 	C:\Windows\system32\opengl32.dll
0x00007ffa8c0e0000 - 0x00007ffa8c10c000 	C:\Windows\SYSTEM32\GLU32.dll
0x00007ffa93770000 - 0x00007ffa9380e000 	C:\Windows\System32\clbcatq.dll
0x00007ffa8b410000 - 0x00007ffa8b5bc000 	C:\Windows\SYSTEM32\WindowsCodecs.dll
0x00007ffa77700000 - 0x00007ffa77747000 	C:\Windows\system32\dataexchange.dll
0x00007ffa8da90000 - 0x00007ffa8dd6f000 	C:\Windows\system32\d3d11.dll
0x00007ffa8e4b0000 - 0x00007ffa8e5d3000 	C:\Windows\system32\dcomp.dll
0x00007ffa8f4c0000 - 0x00007ffa8f564000 	C:\Windows\system32\dxgi.dll
0x00007ffa8ef90000 - 0x00007ffa8f100000 	C:\Windows\system32\twinapi.appcore.dll
0x00007ffa903f0000 - 0x00007ffa90415000 	C:\Windows\system32\bcrypt.dll
0x000000005e0f0000 - 0x000000005e10a000 	C:\Program Files\Java\jdk1.8.0_181\jre\bin\net.dll
0x00007ffa8fe70000 - 0x00007ffa8fecc000 	C:\Windows\system32\mswsock.dll
0x000000005e0d0000 - 0x000000005e0e1000 	C:\Program Files\Java\jdk1.8.0_181\jre\bin\nio.dll
0x000000005e030000 - 0x000000005e072000 	C:\Program Files\Java\jdk1.8.0_181\jre\bin\t2k.dll
0x00007ffa8fc50000 - 0x00007ffa8fcf4000 	C:\Windows\SYSTEM32\DNSAPI.dll
0x00007ffa93d60000 - 0x00007ffa93d68000 	C:\Windows\System32\NSI.dll
0x00007ffa8fc10000 - 0x00007ffa8fc47000 	C:\Windows\SYSTEM32\IPHLPAPI.DLL
0x00007ffa82700000 - 0x00007ffa8270a000 	C:\Windows\System32\rasadhlp.dll
0x00007ffa86f30000 - 0x00007ffa86f9b000 	C:\Windows\System32\fwpuclnt.dll
0x00007ffa90020000 - 0x00007ffa90037000 	C:\Windows\SYSTEM32\CRYPTSP.dll
0x00007ffa8fa90000 - 0x00007ffa8fac4000 	C:\Windows\system32\rsaenh.dll
0x00007ffa904c0000 - 0x00007ffa904e9000 	C:\Windows\SYSTEM32\USERENV.dll
0x00007ffa90010000 - 0x00007ffa9001b000 	C:\Windows\SYSTEM32\CRYPTBASE.dll
0x00007ffa88d50000 - 0x00007ffa88d66000 	C:\Windows\SYSTEM32\dhcpcsvc6.DLL
0x00007ffa87920000 - 0x00007ffa8793a000 	C:\Windows\SYSTEM32\dhcpcsvc.DLL
0x0000000057370000 - 0x0000000057394000 	C:\Program Files\Java\jdk1.8.0_181\jre\bin\sunec.dll
0x0000000057360000 - 0x000000005736b000 	C:\Program Files\Java\jdk1.8.0_181\jre\bin\sunmscapi.dll
0x00007ffa914c0000 - 0x00007ffa91689000 	C:\Windows\System32\CRYPT32.dll
0x00007ffa90600000 - 0x00007ffa90611000 	C:\Windows\System32\MSASN1.dll

VM Arguments:
jvm_args: -Dfile.encoding=UTF-8 
java_command: UI.DangNhapGUI
java_class_path (initial): C:\Users\Pro\Downloads\sqljdbc_6.0.8112.200_enu\sqljdbc_6.0\enu\jre7\sqljdbc41.jar;C:\Users\Pro\Downloads\jasperreports-6.0.0-project\jasperreports-6.0.0\lib\ant-1.7.1.jar;C:\Users\Pro\Downloads\jasperreports-6.0.0-project\jasperreports-6.0.0\lib\antlr-2.7.5.jar;C:\Users\Pro\Downloads\jasperreports-6.0.0-project\jasperreports-6.0.0\lib\barbecue-1.5-beta1.jar;C:\Users\Pro\Downloads\jasperreports-6.0.0-project\jasperreports-6.0.0\lib\barcode4j-2.1.jar;C:\Users\Pro\Downloads\jasperreports-6.0.0-project\jasperreports-6.0.0\lib\batik-anim.jar;C:\Users\Pro\Downloads\jasperreports-6.0.0-project\jasperreports-6.0.0\lib\batik-awt-util.jar;C:\Users\Pro\Downloads\jasperreports-6.0.0-project\jasperreports-6.0.0\lib\batik-bridge.jar;C:\Users\Pro\Downloads\jasperreports-6.0.0-project\jasperreports-6.0.0\lib\batik-css.jar;C:\Users\Pro\Downloads\jasperreports-6.0.0-project\jasperreports-6.0.0\lib\batik-dom.jar;C:\Users\Pro\Downloads\jasperreports-6.0.0-project\jasperreports-6.0.0\lib\batik-ext.jar;C:\Users\Pro\Downloads\jasperreports-6.0.0-project\jasperreports-6.0.0\lib\batik-gvt.jar;C:\Users\Pro\Downloads\jasperreports-6.0.0-project\jasperreports-6.0.0\lib\batik-parser.jar;C:\Users\Pro\Downloads\jasperreports-6.0.0-project\jasperreports-6.0.0\lib\batik-script.jar;C:\Users\Pro\Downloads\jasperreports-6.0.0-project\jasperreports-6.0.0\lib\batik-svg-dom.jar;C:\Users\Pro\Downloads\jasperreports-6.0.0-project\jasperreports-6.0.0\lib\batik-svggen.jar;C:\Users\Pro\Downloads\jasperreports-6.0.0-project\jasperreports-6.0.0\lib\batik-util.jar;C:\Users\Pro\Downloads\jasperreports-6.0.0-project\jasperreports-6.0.0\lib\batik-xml.jar;C:\Users\Pro\Downloads\jasperreports-6.0.0-project\jasperreports-6.0.0\lib\bcel-5.2.jar;C:\Users\Pro\Downloads\jasperreports-6.0.0-project\jasperreports-6.0.0\lib\bsh-2.0b4.jar;C:\Users\Pro\Downloads\jasperreports-6.0.0-project\jasperreports-6.0.0\lib\castor-1.2.jar;C:\Users\Pro\Downloads\jasperreports-6.0.0-project\jasperreports-6.0.0
Launcher Type: SUN_STANDARD

Environment Variables:
JAVA_HOME=C:\Program Files\Java\jdk1.8.0_181
PATH=C:\Program Files (x86)\Common Files\Oracle\Java\javapath;C:\Windows\system32;C:\Windows;C:\Windows\System32\Wbem;C:\Windows\System32\WindowsPowerShell\v1.0\;C:\Program Files\Java\jdk-10.0.2\bin;C:\Users\Pro\Downloads\jre1.8.0_181\bin;C:\Program Files\Java\jre1.8.0_181\bin;C:\Program Files\Microsoft SQL Server\110\DTS\Binn\;C:\Program Files (x86)\Microsoft SQL Server\110\Tools\Binn\;C:\Program Files\Microsoft SQL Server\110\Tools\Binn\;C:\Program Files (x86)\Microsoft SQL Server\Client SDK\ODBC\130\Tools\Binn\;C:\Program Files (x86)\Microsoft SQL Server\140\Tools\Binn\;C:\Program Files (x86)\Microsoft SQL Server\140\DTS\Binn\;C:\Program Files (x86)\Microsoft SQL Server\140\Tools\Binn\ManagementStudio\;C:\Program Files\dotnet\;C:\Program Files\Microsoft SQL Server\130\Tools\Binn\;C:\Program Files (x86)\Microsoft SQL Server\110\Tools\Binn\ManagementStudio\;C:\Program Files (x86)\Microsoft Visual Studio 10.0\Common7\IDE\PrivateAssemblies\;C:\Program Files (x86)\Microsoft SQL Server\110\DTS\Binn\;C:\Program Files\PostgreSQL\9.4\bin;C:\apache-maven-3.5.4\bin;C:\Program Files\Git\cmd;C:\Program Files\TortoiseGit\bin;C:\apache-maven-3.5.4\bin;C:\Program Files\Java\jre1.8.0_181\bin;C:\Program Files\Java\jre7\bin;C:\Program Files\nodejs\;C:\Users\Pro\AppData\Local\Microsoft\WindowsApps;C:\Users\Pro\AppData\Roaming\Dashlane\4.6.8.25848\bin\Firefox_Extension\{442718d9-475e-452a-b3e1-fb1ee16b8e9f}\components;C:\Users\Pro\AppData\Roaming\npm
USERNAME=Pro
OS=Windows_NT
PROCESSOR_IDENTIFIER=Intel64 Family 6 Model 78 Stepping 3, GenuineIntel



---------------  S Y S T E M  ---------------

OS: Windows 10.0 , 64 bit Build 15063 (10.0.15063.1058)

CPU:total 4 (initial active 4) (2 cores per cpu, 2 threads per core) family 6 model 78 stepping 3, cmov, cx8, fxsr, mmx, sse, sse2, sse3, ssse3, sse4.1, sse4.2, popcnt, avx, avx2, aes, clmul, erms, 3dnowpref, lzcnt, ht, tsc, tscinvbit, bmi1, bmi2, adx

Memory: 4k page, physical 8080760k(1426852k free), swap 8080760k(4076k free)

vm_info: Java HotSpot(TM) 64-Bit Server VM (25.181-b13) for windows-amd64 JRE (1.8.0_181-b13), built on Jul  7 2018 04:01:33 by "java_re" with MS VC++ 10.0 (VS2010)

time: Tue Dec 18 13:07:59 2018
elapsed time: 2 seconds (0d 0h 0m 2s)

