#
# There is insufficient memory for the Java Runtime Environment to continue.
# Native memory allocation (malloc) failed to allocate 1048576 bytes for AllocateHeap
# Possible reasons:
#   The system is out of physical RAM or swap space
#   In 32 bit mode, the process size limit was hit
# Possible solutions:
#   Reduce memory load on the system
#   Increase physical memory or swap space
#   Check if swap backing store is full
#   Use 64 bit Java on a 64 bit OS
#   Decrease Java heap size (-Xmx/-Xms)
#   Decrease number of Java threads
#   Decrease Java thread stack sizes (-Xss)
#   Set larger code cache with -XX:ReservedCodeCacheSize=
# This output file may be truncated or incomplete.
#
#  Out of Memory Error (memory/allocation.inline.hpp:61), pid=14096, tid=0x00000000000097c8
#
# JRE version:  (8.0_181-b13) (build )
# Java VM: Java HotSpot(TM) 64-Bit Server VM (25.181-b13 mixed mode windows-amd64 compressed oops)
# Failed to write core dump. Minidumps are not enabled by default on client versions of Windows
#

---------------  T H R E A D  ---------------

Current thread (0x00000000023be000):  JavaThread "Unknown thread" [_thread_in_vm, id=38856, stack(0x00000000021f0000,0x00000000022f0000)]

Stack: [0x00000000021f0000,0x00000000022f0000]
[error occurred during error reporting (printing stack bounds), id 0xc0000005]

Native frames: (J=compiled Java code, j=interpreted, Vv=VM code, C=native code)


---------------  P R O C E S S  ---------------

Java Threads: ( => current thread )

Other Threads:

=>0x00000000023be000 (exited) JavaThread "Unknown thread" [_thread_in_vm, id=38856, stack(0x00000000021f0000,0x00000000022f0000)]

VM state:not at safepoint (normal execution)

VM Mutex/Monitor currently owned by a thread: None

Heap:
 PSYoungGen      total 36864K, used 634K [0x00000000d6e00000, 0x00000000d9700000, 0x0000000100000000)
  eden space 31744K, 2% used [0x00000000d6e00000,0x00000000d6e9eb90,0x00000000d8d00000)
  from space 5120K, 0% used [0x00000000d9200000,0x00000000d9200000,0x00000000d9700000)
  to   space 5120K, 0% used [0x00000000d8d00000,0x00000000d8d00000,0x00000000d9200000)
 ParOldGen       total 84992K, used 0K [0x0000000084a00000, 0x0000000089d00000, 0x00000000d6e00000)
  object space 84992K, 0% used [0x0000000084a00000,0x0000000084a00000,0x0000000089d00000)
 Metaspace       used 775K, capacity 4480K, committed 4480K, reserved 1056768K
  class space    used 76K, capacity 384K, committed 384K, reserved 1048576K

Card table byte_map: [0x0000000011880000,0x0000000011c60000] byte_map_base: 0x000000001145b000

Marking Bits: (ParMarkBitMap*) 0x0000000060192d00
 Begin Bits: [0x0000000012300000, 0x00000000141d8000)
 End Bits:   [0x00000000141d8000, 0x00000000160b0000)

Polling page: 0x0000000002180000

CodeCache: size=245760Kb used=328Kb max_used=328Kb free=245431Kb
 bounds [0x00000000024c0000, 0x0000000002730000, 0x00000000114c0000]
 total_blobs=58 nmethods=0 adapters=38
 compilation: enabled

Compilation events (0 events):
No events

GC Heap History (0 events):
No events

Deoptimization events (0 events):
No events

Classes redefined (0 events):
No events

Internal exceptions (0 events):
No events

Events (10 events):
Event: 0.061 loading class java/lang/Short
Event: 0.061 loading class java/lang/Short done
Event: 0.061 loading class java/lang/Integer
Event: 0.061 loading class java/lang/Integer done
Event: 0.061 loading class java/lang/Long
Event: 0.061 loading class java/lang/Long done
Event: 0.062 loading class java/lang/NullPointerException
Event: 0.062 loading class java/lang/NullPointerException done
Event: 0.062 loading class java/lang/ArithmeticException
Event: 0.062 loading class java/lang/ArithmeticException done


Dynamic libraries:
0x00007ff7aba20000 - 0x00007ff7aba57000 	C:\Program Files\Java\jdk1.8.0_181\bin\java.exe
0x00007ffd08550000 - 0x00007ffd0872b000 	C:\Windows\SYSTEM32\ntdll.dll
0x00007ffd072f0000 - 0x00007ffd0739e000 	C:\Windows\System32\KERNEL32.DLL
0x00007ffd04c50000 - 0x00007ffd04e9a000 	C:\Windows\System32\KERNELBASE.dll
0x00007ffd05b00000 - 0x00007ffd05ba1000 	C:\Windows\System32\ADVAPI32.dll
0x00007ffd08040000 - 0x00007ffd080dd000 	C:\Windows\System32\msvcrt.dll
0x00007ffd07250000 - 0x00007ffd072a9000 	C:\Windows\System32\sechost.dll
0x00007ffd073a0000 - 0x00007ffd074c5000 	C:\Windows\System32\RPCRT4.dll
0x00007ffd05bb0000 - 0x00007ffd05cfa000 	C:\Windows\System32\USER32.dll
0x00007ffd04ae0000 - 0x00007ffd04afe000 	C:\Windows\System32\win32u.dll
0x00007ffd05ad0000 - 0x00007ffd05af7000 	C:\Windows\System32\GDI32.dll
0x00007ffd04f50000 - 0x00007ffd050d8000 	C:\Windows\System32\gdi32full.dll
0x00007ffd04b00000 - 0x00007ffd04b9a000 	C:\Windows\System32\msvcp_win.dll
0x00007ffd050e0000 - 0x00007ffd051d6000 	C:\Windows\System32\ucrtbase.dll
0x00007ffcf8370000 - 0x00007ffcf85d7000 	C:\Windows\WinSxS\amd64_microsoft.windows.common-controls_6595b64144ccf1df_6.0.15063.1155_none_40c7922129a7722b\COMCTL32.dll
0x00007ffd07850000 - 0x00007ffd07b49000 	C:\Windows\System32\combase.dll
0x00007ffd04a70000 - 0x00007ffd04ada000 	C:\Windows\System32\bcryptPrimitives.dll
0x00007ffd072c0000 - 0x00007ffd072ed000 	C:\Windows\System32\IMM32.DLL
0x0000000060820000 - 0x00000000608f2000 	C:\Program Files\Java\jdk1.8.0_181\jre\bin\msvcr100.dll
0x000000005f970000 - 0x0000000060212000 	C:\Program Files\Java\jdk1.8.0_181\jre\bin\server\jvm.dll
0x00007ffd05ab0000 - 0x00007ffd05ab8000 	C:\Windows\System32\PSAPI.DLL
0x00007ffcf5750000 - 0x00007ffcf575a000 	C:\Windows\SYSTEM32\VERSION.dll
0x00007ffd00d80000 - 0x00007ffd00da3000 	C:\Windows\SYSTEM32\WINMM.dll
0x00007ffcf61f0000 - 0x00007ffcf61f9000 	C:\Windows\SYSTEM32\WSOCK32.dll
0x00007ffd07590000 - 0x00007ffd075fc000 	C:\Windows\System32\WS2_32.dll
0x00007ffd00d10000 - 0x00007ffd00d3b000 	C:\Windows\SYSTEM32\WINMMBASE.dll
0x00007ffd04ba0000 - 0x00007ffd04be9000 	C:\Windows\System32\cfgmgr32.dll
0x0000000066760000 - 0x000000006676f000 	C:\Program Files\Java\jdk1.8.0_181\jre\bin\verify.dll
0x0000000062950000 - 0x0000000062979000 	C:\Program Files\Java\jdk1.8.0_181\jre\bin\java.dll
0x0000000066640000 - 0x0000000066656000 	C:\Program Files\Java\jdk1.8.0_181\jre\bin\zip.dll

VM Arguments:
jvm_args: -Dfile.encoding=UTF-8 
java_command: UI.frmDangNhap
java_class_path (initial): C:\Users\Pro\Downloads\sqljdbc_6.0.8112.200_enu\sqljdbc_6.0\enu\jre7\sqljdbc41.jar;C:\Users\Pro\Documents\NetBeansProjects\QLDSV\build\classes
Launcher Type: SUN_STANDARD

Environment Variables:
JAVA_HOME=C:\Program Files\Java\jdk1.8.0_181
PATH=C:\Program Files (x86)\Common Files\Oracle\Java\javapath;C:\Windows\system32;C:\Windows;C:\Windows\System32\Wbem;C:\Windows\System32\WindowsPowerShell\v1.0\;C:\Program Files\Java\jdk-10.0.2\bin;C:\Users\Pro\Downloads\jre1.8.0_181\bin;C:\Program Files\Java\jre1.8.0_181\bin;C:\Program Files\Microsoft SQL Server\110\DTS\Binn\;C:\Program Files (x86)\Microsoft SQL Server\110\Tools\Binn\;C:\Program Files\Microsoft SQL Server\110\Tools\Binn\;C:\Program Files (x86)\Microsoft SQL Server\Client SDK\ODBC\130\Tools\Binn\;C:\Program Files (x86)\Microsoft SQL Server\140\Tools\Binn\;C:\Program Files (x86)\Microsoft SQL Server\140\DTS\Binn\;C:\Program Files (x86)\Microsoft SQL Server\140\Tools\Binn\ManagementStudio\;C:\Program Files\dotnet\;C:\Program Files\Microsoft SQL Server\130\Tools\Binn\;C:\Program Files (x86)\Microsoft SQL Server\110\Tools\Binn\ManagementStudio\;C:\Program Files (x86)\Microsoft Visual Studio 10.0\Common7\IDE\PrivateAssemblies\;C:\Program Files (x86)\Microsoft SQL Server\110\DTS\Binn\;C:\Program Files\PostgreSQL\9.4\bin;C:\apache-maven-3.5.4\bin;C:\Program Files\Git\cmd;C:\Program Files\TortoiseGit\bin;C:\apache-maven-3.5.4\bin;C:\Program Files\Java\jre1.8.0_181\bin;C:\Program Files\Java\jre7\bin;C:\Program Files\nodejs\;C:\Users\Pro\AppData\Local\Microsoft\WindowsApps;C:\Users\Pro\AppData\Roaming\Dashlane\4.6.8.25848\bin\Firefox_Extension\{442718d9-475e-452a-b3e1-fb1ee16b8e9f}\components;C:\Users\Pro\AppData\Roaming\npm
USERNAME=Pro
OS=Windows_NT
PROCESSOR_IDENTIFIER=Intel64 Family 6 Model 78 Stepping 3, GenuineIntel



---------------  S Y S T E M  ---------------

OS: Windows 10.0 , 64 bit Build 15063 (10.0.15063.1058)

CPU:total 4 (initial active 4) (2 cores per cpu, 2 threads per core) family 6 model 78 stepping 3, cmov, cx8, fxsr, mmx, sse, sse2, sse3, ssse3, sse4.1, sse4.2, popcnt, avx, avx2, aes, clmul, erms, 3dnowpref, lzcnt, ht, tsc, tscinvbit, bmi1, bmi2, adx

Memory: 4k page, physical 8080760k(3315536k free), swap 10177912k(5608k free)

vm_info: Java HotSpot(TM) 64-Bit Server VM (25.181-b13) for windows-amd64 JRE (1.8.0_181-b13), built on Jul  7 2018 04:01:33 by "java_re" with MS VC++ 10.0 (VS2010)

time: Sun Oct 21 21:50:50 2018
elapsed time: 0 seconds (0d 0h 0m 0s)

